












----------------------------------
Using stored unhandled routes!.
   To discover new routes in the angular app use "[33mnpm run scully -- --scanRoutes[39m"
----------------------------------







----------------------------------
Using stored unhandled routes!.
   To discover new routes in the angular app use "[33mnpm run scully -- --scanRoutes[39m"
----------------------------------







----------------------------------
Using stored unhandled routes!.
   To discover new routes in the angular app use "[33mnpm run scully -- --scanRoutes[39m"
----------------------------------






****************************************************************************************
This is a development tool for Scully applications.
You can ignore the warning (TLS) or run scully with --no-warning
****************************************************************************************













----------------------------------
Using stored unhandled routes!.
   To discover new routes in the angular app use "[33mnpm run scully -- --scanRoutes[39m"
----------------------------------






The plugin 'tadaa' needs to return handledRoutes with a route that starts with '/'. The route {"route":"","templateFile":"./content/bar.md","postRenderers":["contentFolder"]} is invalid.
